生成启动时间为 2014/8/10 22:16:40。
     1>项目“D:\OSGEARTHNEW\VRSim3D-Core\VRSim3DGlobe_QT\VRSim3DGlobe_QT.vcxproj”在节点 2 上(build 个目标)。
     1>PrepareForBuild:
         正在创建目录“D:\OSGEARTHNEW\VRSim3D-Core\Win32\Debug\”。
       InitializeBuildStatus:
         正在创建“Debug\VRSim3DGlobe_QT.unsuccessfulbuild”，因为已指定“AlwaysCreate”。
       CustomBuild:
         Moc'ing vrsim3dglobe_qt.h...
         Uic'ing vrsim3dglobe_qt.ui...
         Rcc'ing vrsim3dglobe_qt.qrc...
     1>RCC : warning : No resources in 'D:\OSGEARTHNEW\VRSim3D-Core\VRSim3DGlobe_QT\vrsim3dglobe_qt.qrc'.
         
       ClCompile:
         C:\Program Files (x86)\Microsoft Visual Studio 10.0\VC\bin\CL.exe /c /I.\GeneratedFiles /I. /IC:\Qt\4.7.0\include /I.\GeneratedFiles\Debug /IC:\Qt\4.7.0\include\QtCore /IC:\Qt\4.7.0\include\QtGui /Zi /nologo /W1 /WX- /Od /Oy- /D UNICODE /D WIN32 /D QT_LARGEFILE_SUPPORT /D QT_DLL /D QT_CORE_LIB /D QT_GUI_LIB /Gm- /EHsc /MDd /GS /fp:precise /Zc:wchar_t- /Zc:forScope /Fo"Debug\\" /Fd"Debug\vc100.pdb" /Gd /TP /analyze- /errorReport:prompt GeneratedFiles\Debug\moc_vrsim3dglobe_qt.cpp main.cpp vrsim3dglobe_qt.cpp
         moc_vrsim3dglobe_qt.cpp
     1>d:\osgearthnew\vrsim3d-core\vrsim3dglobe_qt\generatedfiles\debug\../../vrsim3dglobe_qt.h(7): fatal error C1083: 无法打开包括文件:“SingleSceneView.h”: No such file or directory
         main.cpp
     1>d:\osgearthnew\vrsim3d-core\vrsim3dglobe_qt\vrsim3dglobe_qt.h(7): fatal error C1083: 无法打开包括文件:“SingleSceneView.h”: No such file or directory
         vrsim3dglobe_qt.cpp
     1>d:\osgearthnew\vrsim3d-core\vrsim3dglobe_qt\vrsim3dglobe_qt.h(7): fatal error C1083: 无法打开包括文件:“SingleSceneView.h”: No such file or directory
         正在生成代码...
     1>已完成生成项目“D:\OSGEARTHNEW\VRSim3D-Core\VRSim3DGlobe_QT\VRSim3DGlobe_QT.vcxproj”(build 个目标)的操作 - 失败。

生成失败。

已用时间 00:00:05.01
