生成启动时间为 2014/11/11 22:03:24。
     1>项目“D:\OSGEARTHNEW\VRSim3D-Core\VRSim3DGlobe_QT\VRSim3DGlobe_QT.vcxproj”在节点 2 上(build 个目标)。
     1>InitializeBuildStatus:
         正在创建“Release\VRSim3DGlobe_QT.unsuccessfulbuild”，因为已指定“AlwaysCreate”。
       CustomBuild:
         所有输出均为最新。
       ClCompile:
         所有输出均为最新。
         所有输出均为最新。
       Link:
         C:\Program Files (x86)\Microsoft Visual Studio 10.0\VC\bin\link.exe /ERRORREPORT:PROMPT /OUT:"..\bin\\VRSim3DGlobe_QT.exe" /NOLOGO /LIBPATH:"D:\OSGEARTHNEW\VRSim3D-Core\lib" /LIBPATH:D:\CGGlobe\CGGlobe\OSG3.2.1\lib /LIBPATH:D:\CGGlobe\CGGlobe\OSGEARTH2.5.0\lib /LIBPATH:C:\Qt\4.7.0\lib qtmain.lib QtCore4.lib QtGui4.lib QtOpenGL4.lib VRSim3DAPI.lib OpenThreads.lib osg.lib osgDB.lib osgFX.lib osgUtil.lib osgGA.lib osgViewer.lib osgText.lib osgParticle.lib osgSim.lib osgShadow.lib osgManipulator.lib osgWidget.lib osgEarth.lib osgEarthAnnotation.lib osgEarthFeatures.lib osgEarthUtil.lib osgEarthSymbology.lib kernel32.lib user32.lib gdi32.lib winspool.lib comdlg32.lib advapi32.lib shell32.lib ole32.lib oleaut32.lib uuid.lib odbc32.lib odbccp32.lib /MANIFEST /ManifestFile:"Release\VRSim3DGlobe_QT.exe.intermediate.manifest" /MANIFESTUAC:"level='asInvoker' uiAccess='false'" /DEBUG /PDB:"D:\OSGEARTHNEW\VRSim3D-Core\bin\VRSim3DGlobe_QT.pdb" /SUBSYSTEM:WINDOWS /TLBID:1 /DYNAMICBASE /NXCOMPAT /IMPLIB:"..\bin\VRSim3DGlobe_QT.lib" /MACHINE:X86 Release\qrc_vrsim3dglobe_qt.obj
         Release\moc_vrsim3dglobe_qt.obj
         Release\main.obj
         Release\vrsim3dglobe_qt.obj
         LINK : 没有找到 ..\bin\\VRSim3DGlobe_QT.exe 或上一个增量链接没有生成它；正在执行完全链接
         VRSim3DGlobe_QT.vcxproj -> D:\OSGEARTHNEW\VRSim3D-Core\VRSim3DGlobe_QT\..\bin\VRSim3DGlobe_QT.exe
       Manifest:
         C:\Program Files (x86)\Microsoft SDKs\Windows\v7.0A\bin\mt.exe /nologo /verbose /outputresource:"..\bin\\VRSim3DGlobe_QT.exe;#1" /manifest Release\VRSim3DGlobe_QT.exe.intermediate.manifest
       FinalizeBuildStatus:
         正在删除文件“Release\VRSim3DGlobe_QT.unsuccessfulbuild”。
         正在对“Release\VRSim3DGlobe_QT.lastbuildstate”执行 Touch 任务。
     1>已完成生成项目“D:\OSGEARTHNEW\VRSim3D-Core\VRSim3DGlobe_QT\VRSim3DGlobe_QT.vcxproj”(build 个目标)的操作。

生成成功。

已用时间 00:00:00.63
